2025-11-27 13:55:08,239 - LeadForge - INFO - Starting LeadForge System...
2025-11-27 13:55:08,288 - LeadForge - INFO - --- Processing Real Estate ---
2025-11-27 13:55:08,289 - LeadForge - INFO - Starting Real Estate collection... Target: 20
2025-11-27 13:55:08,891 - LeadForge - INFO - Saved new lead: agent0@pamgolding.co.za
2025-11-27 13:55:09,980 - LeadForge - INFO - Saved new lead: agent1@seeff.co.za
2025-11-27 13:55:11,158 - LeadForge - INFO - Saved new lead: agent2@remax.co.za
2025-11-27 13:55:12,043 - LeadForge - INFO - Saved new lead: agent3@rawson.co.za
2025-11-27 13:55:12,576 - LeadForge - INFO - Saved new lead: agent4@pamgolding.co.za
2025-11-27 13:55:13,937 - LeadForge - INFO - Saved new lead: agent5@rawson.co.za
2025-11-27 13:55:14,816 - LeadForge - INFO - Saved new lead: agent6@remax.co.za
2025-11-27 13:55:15,953 - LeadForge - INFO - Saved new lead: agent7@rawson.co.za
2025-11-27 13:55:16,894 - LeadForge - INFO - Saved new lead: agent8@seeff.co.za
2025-11-27 13:55:18,142 - LeadForge - INFO - Saved new lead: agent9@rawson.co.za
2025-11-27 13:55:18,660 - LeadForge - INFO - Saved new lead: agent10@seeff.co.za
2025-11-27 13:55:19,812 - LeadForge - INFO - Saved new lead: agent11@rawson.co.za
2025-11-27 13:55:21,112 - LeadForge - INFO - Saved new lead: agent12@seeff.co.za
2025-11-27 13:55:21,669 - LeadForge - INFO - Saved new lead: agent13@seeff.co.za
2025-11-27 13:55:22,388 - LeadForge - INFO - Saved new lead: agent14@pamgolding.co.za
2025-11-27 13:55:23,431 - LeadForge - INFO - Saved new lead: agent15@remax.co.za
2025-11-27 13:55:24,889 - LeadForge - INFO - Saved new lead: agent16@remax.co.za
2025-11-27 13:55:26,022 - LeadForge - INFO - Saved new lead: agent17@rawson.co.za
2025-11-27 13:55:27,521 - LeadForge - INFO - Saved new lead: agent18@pamgolding.co.za
2025-11-27 13:55:28,117 - LeadForge - INFO - Saved new lead: agent19@pamgolding.co.za
2025-11-27 13:55:28,117 - LeadForge - INFO - Real Estate collection complete. Collected 20 leads.
2025-11-27 13:55:28,123 - LeadForge - INFO - Processed 20 leads.
2025-11-27 13:55:28,140 - LeadForge - INFO - --- Processing Tutors ---
2025-11-27 13:55:28,140 - LeadForge - INFO - Starting Tutor collection... Target: 20
2025-11-27 13:55:29,161 - LeadForge - INFO - Saved new lead: tutor0@teachme.co.za
2025-11-27 13:55:29,969 - LeadForge - INFO - Saved new lead: tutor1@teachme.co.za
2025-11-27 13:55:31,121 - LeadForge - INFO - Saved new lead: tutor2@teachme.co.za
2025-11-27 13:55:31,799 - LeadForge - INFO - Saved new lead: tutor3@teachme.co.za
2025-11-27 13:55:32,890 - LeadForge - INFO - Saved new lead: tutor4@teachme.co.za
2025-11-27 13:55:33,976 - LeadForge - INFO - Saved new lead: tutor5@teachme.co.za
2025-11-27 13:55:34,513 - LeadForge - INFO - Saved new lead: tutor6@teachme.co.za
2025-11-27 13:55:35,332 - LeadForge - INFO - Saved new lead: tutor7@teachme.co.za
2025-11-27 13:55:36,779 - LeadForge - INFO - Saved new lead: tutor8@teachme.co.za
2025-11-27 13:55:37,428 - LeadForge - INFO - Saved new lead: tutor9@teachme.co.za
2025-11-27 13:55:38,545 - LeadForge - INFO - Saved new lead: tutor10@teachme.co.za
2025-11-27 13:55:39,607 - LeadForge - INFO - Saved new lead: tutor11@teachme.co.za
2025-11-27 13:55:40,544 - LeadForge - INFO - Saved new lead: tutor12@teachme.co.za
2025-11-27 13:55:41,433 - LeadForge - INFO - Saved new lead: tutor13@teachme.co.za
2025-11-27 13:55:42,585 - LeadForge - INFO - Saved new lead: tutor14@teachme.co.za
2025-11-27 13:55:43,961 - LeadForge - INFO - Saved new lead: tutor15@teachme.co.za
2025-11-27 13:55:45,379 - LeadForge - INFO - Saved new lead: tutor16@teachme.co.za
2025-11-27 13:55:46,582 - LeadForge - INFO - Saved new lead: tutor17@teachme.co.za
2025-11-27 13:55:47,343 - LeadForge - INFO - Saved new lead: tutor18@teachme.co.za
2025-11-27 13:55:47,869 - LeadForge - INFO - Saved new lead: tutor19@teachme.co.za
2025-11-27 13:55:47,870 - LeadForge - INFO - Tutor collection complete. Collected 20 leads.
2025-11-27 13:55:47,875 - LeadForge - INFO - Processed 20 leads.
2025-11-27 13:55:47,881 - LeadForge - INFO - --- Processing Service Providers ---
2025-11-27 13:55:47,881 - LeadForge - INFO - Starting Service Provider collection... Target: 20
2025-11-27 13:55:48,412 - LeadForge - INFO - Saved new lead: contact@locksmith0.co.za
2025-11-27 13:55:49,881 - LeadForge - INFO - Saved new lead: contact@locksmith1.co.za
2025-11-27 13:55:50,542 - LeadForge - INFO - Saved new lead: contact@locksmith2.co.za
2025-11-27 13:55:51,498 - LeadForge - INFO - Saved new lead: contact@electrician3.co.za
2025-11-27 13:55:52,639 - LeadForge - INFO - Saved new lead: contact@electrician4.co.za
2025-11-27 13:55:53,296 - LeadForge - INFO - Saved new lead: contact@mechanic5.co.za
2025-11-27 13:55:54,668 - LeadForge - INFO - Saved new lead: contact@locksmith6.co.za
2025-11-27 13:55:55,514 - LeadForge - INFO - Saved new lead: contact@locksmith7.co.za
2025-11-27 13:55:56,394 - LeadForge - INFO - Saved new lead: contact@electrician8.co.za
2025-11-27 13:55:57,565 - LeadForge - INFO - Saved new lead: contact@electrician9.co.za
2025-11-27 13:55:58,889 - LeadForge - INFO - Saved new lead: contact@mechanic10.co.za
2025-11-27 13:56:00,212 - LeadForge - INFO - Saved new lead: contact@mechanic11.co.za
2025-11-27 13:56:01,468 - LeadForge - INFO - Saved new lead: contact@plumber12.co.za
2025-11-27 13:56:02,044 - LeadForge - INFO - Saved new lead: contact@locksmith13.co.za
2025-11-27 13:56:02,977 - LeadForge - INFO - Saved new lead: contact@locksmith14.co.za
2025-11-27 13:56:03,550 - LeadForge - INFO - Saved new lead: contact@mechanic15.co.za
2025-11-27 13:56:04,526 - LeadForge - INFO - Saved new lead: contact@mechanic16.co.za
2025-11-27 13:56:05,139 - LeadForge - INFO - Saved new lead: contact@electrician17.co.za
2025-11-27 13:56:05,869 - LeadForge - INFO - Saved new lead: contact@plumber18.co.za
2025-11-27 13:56:06,780 - LeadForge - INFO - Saved new lead: contact@electrician19.co.za
2025-11-27 13:56:06,781 - LeadForge - INFO - Service Provider collection complete. Collected 20 leads.
2025-11-27 13:56:06,788 - LeadForge - INFO - Processed 20 leads.
2025-11-27 13:56:06,801 - LeadForge - INFO - All niches processed.
2025-11-27 13:57:03,623 - LeadForge - INFO - Starting LeadForge System...
2025-11-27 13:57:03,624 - LeadForge - INFO - --- Processing Real Estate ---
2025-11-27 13:57:03,624 - LeadForge - INFO - Starting Real Estate collection... Target: 20
2025-11-27 13:57:04,449 - LeadForge - INFO - Saved new lead: agent0@remax.co.za
2025-11-27 13:57:05,323 - LeadForge - INFO - Saved new lead: agent1@pamgolding.co.za
2025-11-27 13:57:06,194 - LeadForge - INFO - Saved new lead: agent2@pamgolding.co.za
2025-11-27 13:57:07,159 - LeadForge - INFO - Saved new lead: agent3@remax.co.za
2025-11-27 13:57:07,736 - LeadForge - INFO - Saved new lead: agent4@rawson.co.za
2025-11-27 13:57:08,615 - LeadForge - INFO - Saved new lead: agent5@pamgolding.co.za
2025-11-27 13:57:09,519 - LeadForge - INFO - Saved new lead: agent6@pamgolding.co.za
2025-11-27 13:57:10,080 - LeadForge - INFO - Lead already exists: agent7@rawson.co.za. Updating...
2025-11-27 13:57:11,433 - LeadForge - INFO - Saved new lead: agent8@rawson.co.za
2025-11-27 13:57:12,869 - LeadForge - INFO - Saved new lead: agent9@pamgolding.co.za
2025-11-27 13:57:13,958 - LeadForge - INFO - Saved new lead: agent10@remax.co.za
2025-11-27 13:57:14,872 - LeadForge - INFO - Lead already exists: agent11@rawson.co.za. Updating...
2025-11-27 13:57:15,596 - LeadForge - INFO - Saved new lead: agent12@pamgolding.co.za
2025-11-27 13:57:16,380 - LeadForge - INFO - Saved new lead: agent13@pamgolding.co.za
2025-11-27 13:57:16,971 - LeadForge - INFO - Saved new lead: agent14@remax.co.za
2025-11-27 13:57:17,675 - LeadForge - INFO - Saved new lead: agent15@pamgolding.co.za
2025-11-27 13:57:18,663 - LeadForge - INFO - Saved new lead: agent16@rawson.co.za
2025-11-27 13:57:19,651 - LeadForge - INFO - Saved new lead: agent17@remax.co.za
2025-11-27 13:57:21,057 - LeadForge - INFO - Saved new lead: agent18@rawson.co.za
2025-11-27 13:57:22,255 - LeadForge - INFO - Saved new lead: agent19@seeff.co.za
2025-11-27 13:57:22,255 - LeadForge - INFO - Real Estate collection complete. Collected 18 leads.
2025-11-27 13:57:22,265 - LeadForge - INFO - Processed 18 leads.
2025-11-27 13:57:22,296 - LeadForge - INFO - --- Processing Tutors ---
2025-11-27 13:57:22,296 - LeadForge - INFO - Starting Tutor collection... Target: 20
2025-11-27 13:57:23,678 - LeadForge - INFO - Lead already exists: tutor0@teachme.co.za. Updating...
2025-11-27 13:57:25,021 - LeadForge - INFO - Lead already exists: tutor1@teachme.co.za. Updating...
2025-11-27 13:57:25,615 - LeadForge - INFO - Lead already exists: tutor2@teachme.co.za. Updating...
2025-11-27 13:57:26,188 - LeadForge - INFO - Lead already exists: tutor3@teachme.co.za. Updating...
2025-11-27 13:57:27,577 - LeadForge - INFO - Lead already exists: tutor4@teachme.co.za. Updating...
2025-11-27 13:57:28,426 - LeadForge - INFO - Lead already exists: tutor5@teachme.co.za. Updating...
2025-11-27 13:57:29,859 - LeadForge - INFO - Lead already exists: tutor6@teachme.co.za. Updating...
2025-11-27 13:57:31,205 - LeadForge - INFO - Lead already exists: tutor7@teachme.co.za. Updating...
2025-11-27 13:57:32,260 - LeadForge - INFO - Lead already exists: tutor8@teachme.co.za. Updating...
2025-11-27 13:57:33,654 - LeadForge - INFO - Lead already exists: tutor9@teachme.co.za. Updating...
2025-11-27 13:57:34,566 - LeadForge - INFO - Lead already exists: tutor10@teachme.co.za. Updating...
2025-11-27 13:57:35,170 - LeadForge - INFO - Lead already exists: tutor11@teachme.co.za. Updating...
2025-11-27 13:57:36,294 - LeadForge - INFO - Lead already exists: tutor12@teachme.co.za. Updating...
2025-11-27 13:57:37,374 - LeadForge - INFO - Lead already exists: tutor13@teachme.co.za. Updating...
2025-11-27 13:57:38,484 - LeadForge - INFO - Lead already exists: tutor14@teachme.co.za. Updating...
2025-11-27 13:57:39,586 - LeadForge - INFO - Lead already exists: tutor15@teachme.co.za. Updating...
2025-11-27 13:57:40,767 - LeadForge - INFO - Lead already exists: tutor16@teachme.co.za. Updating...
2025-11-27 13:57:41,432 - LeadForge - INFO - Lead already exists: tutor17@teachme.co.za. Updating...
2025-11-27 13:57:42,233 - LeadForge - INFO - Lead already exists: tutor18@teachme.co.za. Updating...
2025-11-27 13:57:43,172 - LeadForge - INFO - Lead already exists: tutor19@teachme.co.za. Updating...
2025-11-27 13:57:43,172 - LeadForge - INFO - Tutor collection complete. Collected 0 leads.
2025-11-27 13:57:43,172 - LeadForge - WARNING - No data collected for Tutors.
2025-11-27 13:57:43,173 - LeadForge - INFO - --- Processing Service Providers ---
2025-11-27 13:57:43,173 - LeadForge - INFO - Starting Service Provider collection... Target: 20
2025-11-27 13:57:44,039 - LeadForge - INFO - Saved new lead: contact@electrician0.co.za
2025-11-27 13:57:45,046 - LeadForge - INFO - Saved new lead: contact@mechanic1.co.za
2025-11-27 13:57:46,274 - LeadForge - INFO - Saved new lead: contact@electrician2.co.za
2025-11-27 13:57:47,333 - LeadForge - INFO - Lead already exists: contact@electrician3.co.za. Updating...
2025-11-27 13:57:48,501 - LeadForge - INFO - Saved new lead: contact@plumber4.co.za
2025-11-27 13:57:49,473 - LeadForge - INFO - Saved new lead: contact@plumber5.co.za
2025-11-27 13:57:50,351 - LeadForge - INFO - Saved new lead: contact@electrician6.co.za
2025-11-27 13:57:51,313 - LeadForge - INFO - Saved new lead: contact@electrician7.co.za
2025-11-27 13:57:52,082 - LeadForge - INFO - Saved new lead: contact@locksmith8.co.za
2025-11-27 13:57:53,479 - LeadForge - INFO - Saved new lead: contact@plumber9.co.za
2025-11-27 13:57:54,319 - LeadForge - INFO - Lead already exists: contact@mechanic10.co.za. Updating...
2025-11-27 13:57:54,917 - LeadForge - INFO - Saved new lead: contact@plumber11.co.za
2025-11-27 13:57:56,092 - LeadForge - INFO - Saved new lead: contact@locksmith12.co.za
2025-11-27 13:57:56,906 - LeadForge - INFO - Lead already exists: contact@locksmith13.co.za. Updating...
2025-11-27 13:57:58,264 - LeadForge - INFO - Lead already exists: contact@locksmith14.co.za. Updating...
2025-11-27 13:57:59,314 - LeadForge - INFO - Lead already exists: contact@mechanic15.co.za. Updating...
2025-11-27 13:57:59,973 - LeadForge - INFO - Saved new lead: contact@locksmith16.co.za
2025-11-27 13:58:00,601 - LeadForge - INFO - Lead already exists: contact@electrician17.co.za. Updating...
2025-11-27 13:58:01,513 - LeadForge - INFO - Saved new lead: contact@electrician18.co.za
2025-11-27 13:58:02,958 - LeadForge - INFO - Saved new lead: contact@mechanic19.co.za
2025-11-27 13:58:02,958 - LeadForge - INFO - Service Provider collection complete. Collected 14 leads.
2025-11-27 13:58:02,966 - LeadForge - INFO - Processed 14 leads.
2025-11-27 13:58:02,982 - LeadForge - INFO - All niches processed.
2025-11-27 15:27:14,690 - LeadForge - INFO - Starting LeadForge System...
2025-11-27 15:27:14,691 - LeadForge - INFO - --- Processing Real Estate ---
2025-11-27 15:27:14,691 - LeadForge - INFO - Starting Real Estate collection... Target: 20
2025-11-27 15:27:16,222 - LeadForge - INFO - Saved new lead: agent0@rawson.co.za
2025-11-27 15:27:16,859 - LeadForge - INFO - Lead already exists: agent1@seeff.co.za. Updating...
2025-11-27 15:27:17,719 - LeadForge - INFO - Saved new lead: agent2@rawson.co.za
2025-11-27 15:27:18,401 - LeadForge - INFO - Lead already exists: agent3@remax.co.za. Updating...
2025-11-27 15:27:19,704 - LeadForge - INFO - Saved new lead: agent4@remax.co.za
2025-11-27 15:27:20,620 - LeadForge - INFO - Lead already exists: agent5@pamgolding.co.za. Updating...
2025-11-27 15:27:21,186 - LeadForge - INFO - Saved new lead: agent6@rawson.co.za
2025-11-27 15:27:22,364 - LeadForge - INFO - Saved new lead: agent7@pamgolding.co.za
2025-11-27 15:27:23,779 - LeadForge - INFO - Saved new lead: agent8@remax.co.za
2025-11-27 15:27:24,685 - LeadForge - INFO - Saved new lead: agent9@seeff.co.za
2025-11-27 15:27:25,788 - LeadForge - INFO - Saved new lead: agent10@rawson.co.za
2025-11-27 15:27:26,474 - LeadForge - INFO - Lead already exists: agent11@rawson.co.za. Updating...
2025-11-27 15:27:27,928 - LeadForge - INFO - Lead already exists: agent12@pamgolding.co.za. Updating...
2025-11-27 15:27:29,026 - LeadForge - INFO - Saved new lead: agent13@remax.co.za
2025-11-27 15:27:30,281 - LeadForge - INFO - Lead already exists: agent14@pamgolding.co.za. Updating...
2025-11-27 15:27:31,022 - LeadForge - INFO - Lead already exists: agent15@remax.co.za. Updating...
2025-11-27 15:27:32,028 - LeadForge - INFO - Saved new lead: agent16@seeff.co.za
2025-11-27 15:27:32,667 - LeadForge - INFO - Lead already exists: agent17@rawson.co.za. Updating...
2025-11-27 15:27:33,584 - LeadForge - INFO - Lead already exists: agent18@rawson.co.za. Updating...
2025-11-27 15:27:34,229 - LeadForge - INFO - Lead already exists: agent19@pamgolding.co.za. Updating...
2025-11-27 15:27:34,230 - LeadForge - INFO - Real Estate collection complete. Collected 10 leads.
2025-11-27 15:27:34,237 - LeadForge - INFO - Processed 10 leads.
2025-11-27 15:27:34,271 - LeadForge - INFO - --- Processing Tutors ---
2025-11-27 15:27:34,271 - LeadForge - INFO - Starting Tutor collection... Target: 20
2025-11-27 15:27:35,299 - LeadForge - INFO - Lead already exists: tutor0@teachme.co.za. Updating...
2025-11-27 15:27:36,317 - LeadForge - INFO - Lead already exists: tutor1@teachme.co.za. Updating...
2025-11-27 15:27:36,995 - LeadForge - INFO - Lead already exists: tutor2@teachme.co.za. Updating...
2025-11-27 15:27:38,035 - LeadForge - INFO - Lead already exists: tutor3@teachme.co.za. Updating...
2025-11-27 15:27:39,355 - LeadForge - INFO - Lead already exists: tutor4@teachme.co.za. Updating...
2025-11-27 15:27:40,197 - LeadForge - INFO - Lead already exists: tutor5@teachme.co.za. Updating...
2025-11-27 15:27:40,730 - LeadForge - INFO - Lead already exists: tutor6@teachme.co.za. Updating...
2025-11-27 15:27:42,221 - LeadForge - INFO - Lead already exists: tutor7@teachme.co.za. Updating...
2025-11-27 15:27:43,535 - LeadForge - INFO - Lead already exists: tutor8@teachme.co.za. Updating...
2025-11-27 15:27:44,125 - LeadForge - INFO - Lead already exists: tutor9@teachme.co.za. Updating...
2025-11-27 15:27:44,718 - LeadForge - INFO - Lead already exists: tutor10@teachme.co.za. Updating...
2025-11-27 15:27:45,501 - LeadForge - INFO - Lead already exists: tutor11@teachme.co.za. Updating...
2025-11-27 15:27:46,874 - LeadForge - INFO - Lead already exists: tutor12@teachme.co.za. Updating...
2025-11-27 15:27:47,623 - LeadForge - INFO - Lead already exists: tutor13@teachme.co.za. Updating...
2025-11-27 15:27:48,510 - LeadForge - INFO - Lead already exists: tutor14@teachme.co.za. Updating...
2025-11-27 15:27:49,261 - LeadForge - INFO - Lead already exists: tutor15@teachme.co.za. Updating...
2025-11-27 15:27:50,680 - LeadForge - INFO - Lead already exists: tutor16@teachme.co.za. Updating...
2025-11-27 15:27:51,471 - LeadForge - INFO - Lead already exists: tutor17@teachme.co.za. Updating...
2025-11-27 15:27:52,207 - LeadForge - INFO - Lead already exists: tutor18@teachme.co.za. Updating...
2025-11-27 15:27:53,329 - LeadForge - INFO - Lead already exists: tutor19@teachme.co.za. Updating...
2025-11-27 15:27:53,329 - LeadForge - INFO - Tutor collection complete. Collected 0 leads.
2025-11-27 15:27:53,329 - LeadForge - WARNING - No data collected for Tutors.
2025-11-27 15:27:53,330 - LeadForge - INFO - --- Processing Service Providers ---
2025-11-27 15:27:53,330 - LeadForge - INFO - Starting Service Provider collection... Target: 20
2025-11-27 15:27:54,040 - LeadForge - INFO - Saved new lead: contact@mechanic0.co.za
2025-11-27 15:27:55,004 - LeadForge - INFO - Lead already exists: contact@locksmith1.co.za. Updating...
2025-11-27 15:27:55,812 - LeadForge - INFO - Saved new lead: contact@plumber2.co.za
2025-11-27 15:27:56,505 - LeadForge - INFO - Lead already exists: contact@electrician3.co.za. Updating...
2025-11-27 15:27:57,386 - LeadForge - INFO - Saved new lead: contact@mechanic4.co.za
2025-11-27 15:27:58,754 - LeadForge - INFO - Saved new lead: contact@electrician5.co.za
2025-11-27 15:27:59,268 - LeadForge - INFO - Lead already exists: contact@electrician6.co.za. Updating...
2025-11-27 15:28:00,600 - LeadForge - INFO - Lead already exists: contact@electrician7.co.za. Updating...
2025-11-27 15:28:01,758 - LeadForge - INFO - Lead already exists: contact@locksmith8.co.za. Updating...
2025-11-27 15:28:02,304 - LeadForge - INFO - Saved new lead: contact@mechanic9.co.za
2025-11-27 15:28:03,163 - LeadForge - INFO - Saved new lead: contact@electrician10.co.za
2025-11-27 15:28:03,676 - LeadForge - INFO - Lead already exists: contact@plumber11.co.za. Updating...
2025-11-27 15:28:04,459 - LeadForge - INFO - Lead already exists: contact@locksmith12.co.za. Updating...
2025-11-27 15:28:05,079 - LeadForge - INFO - Lead already exists: contact@locksmith13.co.za. Updating...
2025-11-27 15:28:06,439 - LeadForge - INFO - Saved new lead: contact@electrician14.co.za
2025-11-27 15:28:07,574 - LeadForge - INFO - Lead already exists: contact@mechanic15.co.za. Updating...
2025-11-27 15:28:08,819 - LeadForge - INFO - Saved new lead: contact@electrician16.co.za
2025-11-27 15:28:09,469 - LeadForge - INFO - Lead already exists: contact@electrician17.co.za. Updating...
2025-11-27 15:28:10,449 - LeadForge - INFO - Lead already exists: contact@electrician18.co.za. Updating...
2025-11-27 15:28:11,688 - LeadForge - INFO - Saved new lead: contact@plumber19.co.za
2025-11-27 15:28:11,688 - LeadForge - INFO - Service Provider collection complete. Collected 9 leads.
2025-11-27 15:28:11,692 - LeadForge - INFO - Processed 9 leads.
2025-11-27 15:28:11,705 - LeadForge - INFO - All niches processed.
2025-11-28 08:54:35,853 - LeadForge - INFO - Starting LeadForge System...
2025-11-28 08:54:35,854 - LeadForge - INFO - --- Processing Real Estate ---
2025-11-28 08:54:35,854 - LeadForge - INFO - Starting Real Estate collection... Target: 20
2025-11-28 08:54:37,049 - LeadForge - INFO - Lead already exists: agent0@pamgolding.co.za. Updating...
2025-11-28 08:54:37,819 - LeadForge - INFO - Lead already exists: agent1@pamgolding.co.za. Updating...
2025-11-28 08:54:38,461 - LeadForge - INFO - Lead already exists: agent2@pamgolding.co.za. Updating...
2025-11-28 08:54:39,030 - LeadForge - INFO - Lead already exists: agent3@remax.co.za. Updating...
2025-11-28 08:54:39,739 - LeadForge - INFO - Lead already exists: agent4@remax.co.za. Updating...
2025-11-28 08:54:40,780 - LeadForge - INFO - Saved new lead: agent5@remax.co.za
2025-11-28 08:54:41,552 - LeadForge - INFO - Lead already exists: agent6@rawson.co.za. Updating...
2025-11-28 08:54:42,091 - LeadForge - INFO - Saved new lead: agent7@seeff.co.za
2025-11-28 08:54:43,142 - LeadForge - INFO - Saved new lead: agent8@pamgolding.co.za
2025-11-28 08:54:44,022 - LeadForge - INFO - Lead already exists: agent9@pamgolding.co.za. Updating...
2025-11-28 08:54:45,372 - LeadForge - INFO - Lead already exists: agent10@remax.co.za. Updating...
2025-11-28 08:54:46,533 - LeadForge - INFO - Saved new lead: agent11@remax.co.za
2025-11-28 08:54:47,790 - LeadForge - INFO - Saved new lead: agent12@remax.co.za
2025-11-28 08:54:48,699 - LeadForge - INFO - Lead already exists: agent13@pamgolding.co.za. Updating...
2025-11-28 08:54:49,650 - LeadForge - INFO - Lead already exists: agent14@pamgolding.co.za. Updating...
2025-11-28 08:54:50,614 - LeadForge - INFO - Saved new lead: agent15@rawson.co.za
2025-11-28 08:54:51,355 - LeadForge - INFO - Lead already exists: agent16@rawson.co.za. Updating...
2025-11-28 08:54:52,144 - LeadForge - INFO - Lead already exists: agent17@remax.co.za. Updating...
2025-11-28 08:54:52,758 - LeadForge - INFO - Lead already exists: agent18@pamgolding.co.za. Updating...
2025-11-28 08:54:54,177 - LeadForge - INFO - Saved new lead: agent19@remax.co.za
2025-11-28 08:54:54,178 - LeadForge - INFO - Real Estate collection complete. Collected 7 leads.
2025-11-28 08:54:54,185 - LeadForge - INFO - Processed 7 leads.
2025-11-28 08:54:54,208 - LeadForge - INFO - --- Processing Tutors ---
2025-11-28 08:54:54,208 - LeadForge - INFO - Starting Tutor collection... Target: 20
2025-11-28 08:54:55,020 - LeadForge - INFO - Lead already exists: tutor0@teachme.co.za. Updating...
2025-11-28 08:54:56,292 - LeadForge - INFO - Lead already exists: tutor1@teachme.co.za. Updating...
2025-11-28 08:54:57,399 - LeadForge - INFO - Lead already exists: tutor2@teachme.co.za. Updating...
2025-11-28 08:54:58,073 - LeadForge - INFO - Lead already exists: tutor3@teachme.co.za. Updating...
2025-11-28 08:54:59,011 - LeadForge - INFO - Lead already exists: tutor4@teachme.co.za. Updating...
2025-11-28 08:55:00,282 - LeadForge - INFO - Lead already exists: tutor5@teachme.co.za. Updating...
2025-11-28 08:55:01,232 - LeadForge - INFO - Lead already exists: tutor6@teachme.co.za. Updating...
2025-11-28 08:55:01,954 - LeadForge - INFO - Lead already exists: tutor7@teachme.co.za. Updating...
2025-11-28 08:55:02,845 - LeadForge - INFO - Lead already exists: tutor8@teachme.co.za. Updating...
2025-11-28 08:55:03,947 - LeadForge - INFO - Lead already exists: tutor9@teachme.co.za. Updating...
2025-11-28 08:55:04,570 - LeadForge - INFO - Lead already exists: tutor10@teachme.co.za. Updating...
2025-11-28 08:55:05,467 - LeadForge - INFO - Lead already exists: tutor11@teachme.co.za. Updating...
2025-11-28 08:55:06,870 - LeadForge - INFO - Lead already exists: tutor12@teachme.co.za. Updating...
2025-11-28 08:55:07,828 - LeadForge - INFO - Lead already exists: tutor13@teachme.co.za. Updating...
2025-11-28 08:55:08,467 - LeadForge - INFO - Lead already exists: tutor14@teachme.co.za. Updating...
2025-11-28 08:55:09,068 - LeadForge - INFO - Lead already exists: tutor15@teachme.co.za. Updating...
2025-11-28 08:55:10,224 - LeadForge - INFO - Lead already exists: tutor16@teachme.co.za. Updating...
2025-11-28 08:55:11,441 - LeadForge - INFO - Lead already exists: tutor17@teachme.co.za. Updating...
2025-11-28 08:55:12,709 - LeadForge - INFO - Lead already exists: tutor18@teachme.co.za. Updating...
2025-11-28 08:55:14,132 - LeadForge - INFO - Lead already exists: tutor19@teachme.co.za. Updating...
2025-11-28 08:55:14,132 - LeadForge - INFO - Tutor collection complete. Collected 0 leads.
2025-11-28 08:55:14,133 - LeadForge - WARNING - No data collected for Tutors.
2025-11-28 08:55:14,133 - LeadForge - INFO - --- Processing Service Providers ---
2025-11-28 08:55:14,133 - LeadForge - INFO - Starting Service Provider collection... Target: 20
2025-11-28 08:55:14,979 - LeadForge - INFO - Saved new lead: contact@plumber0.co.za
2025-11-28 08:55:16,333 - LeadForge - INFO - Lead already exists: contact@mechanic1.co.za. Updating...
2025-11-28 08:55:17,525 - LeadForge - INFO - Lead already exists: contact@locksmith2.co.za. Updating...
2025-11-28 08:55:18,439 - LeadForge - INFO - Lead already exists: contact@electrician3.co.za. Updating...
2025-11-28 08:55:19,154 - LeadForge - INFO - Lead already exists: contact@plumber4.co.za. Updating...
2025-11-28 08:55:20,229 - LeadForge - INFO - Saved new lead: contact@locksmith5.co.za
2025-11-28 08:55:21,238 - LeadForge - INFO - Lead already exists: contact@locksmith6.co.za. Updating...
2025-11-28 08:55:22,127 - LeadForge - INFO - Lead already exists: contact@electrician7.co.za. Updating...
2025-11-28 08:55:22,820 - LeadForge - INFO - Lead already exists: contact@locksmith8.co.za. Updating...
2025-11-28 08:55:24,322 - LeadForge - INFO - Saved new lead: contact@locksmith9.co.za
2025-11-28 08:55:25,610 - LeadForge - INFO - Lead already exists: contact@mechanic10.co.za. Updating...
2025-11-28 08:55:26,188 - LeadForge - INFO - Lead already exists: contact@mechanic11.co.za. Updating...
2025-11-28 08:55:27,447 - LeadForge - INFO - Lead already exists: contact@plumber12.co.za. Updating...
2025-11-28 08:55:28,009 - LeadForge - INFO - Saved new lead: contact@mechanic13.co.za
2025-11-28 08:55:28,540 - LeadForge - INFO - Lead already exists: contact@electrician14.co.za. Updating...
2025-11-28 08:55:29,868 - LeadForge - INFO - Saved new lead: contact@plumber15.co.za
2025-11-28 08:55:30,643 - LeadForge - INFO - Lead already exists: contact@locksmith16.co.za. Updating...
2025-11-28 08:55:31,186 - LeadForge - INFO - Saved new lead: contact@locksmith17.co.za
2025-11-28 08:55:32,272 - LeadForge - INFO - Saved new lead: contact@mechanic18.co.za
2025-11-28 08:55:32,825 - LeadForge - INFO - Lead already exists: contact@mechanic19.co.za. Updating...
2025-11-28 08:55:32,826 - LeadForge - INFO - Service Provider collection complete. Collected 7 leads.
2025-11-28 08:55:32,829 - LeadForge - INFO - Processed 7 leads.
2025-11-28 08:55:32,838 - LeadForge - INFO - All niches processed.
2025-11-28 08:57:00,541 - LeadForge - INFO - Starting background task for Real Estate
2025-11-28 08:57:00,542 - LeadForge - INFO - Starting Real Estate collection... Target: 20
2025-11-28 08:57:01,757 - LeadForge - INFO - Lead already exists: agent0@pamgolding.co.za. Updating...
2025-11-28 08:57:02,783 - LeadForge - INFO - Saved new lead: agent1@remax.co.za
2025-11-28 08:57:03,719 - LeadForge - INFO - Saved new lead: agent2@seeff.co.za
2025-11-28 08:57:05,103 - LeadForge - INFO - Lead already exists: agent3@remax.co.za. Updating...
2025-11-28 08:57:05,920 - LeadForge - INFO - Saved new lead: agent4@seeff.co.za
2025-11-28 08:57:06,563 - LeadForge - INFO - Saved new lead: agent5@seeff.co.za
2025-11-28 08:57:07,905 - LeadForge - INFO - Lead already exists: agent6@remax.co.za. Updating...
2025-11-28 08:57:09,151 - LeadForge - INFO - Lead already exists: agent7@rawson.co.za. Updating...
2025-11-28 08:57:10,532 - LeadForge - INFO - Lead already exists: agent8@remax.co.za. Updating...
2025-11-28 08:57:11,295 - LeadForge - INFO - Lead already exists: agent9@seeff.co.za. Updating...
2025-11-28 08:57:12,627 - LeadForge - INFO - Lead already exists: agent10@seeff.co.za. Updating...
2025-11-28 08:57:13,257 - LeadForge - INFO - Saved new lead: agent11@pamgolding.co.za
2025-11-28 08:57:14,754 - LeadForge - INFO - Saved new lead: agent12@rawson.co.za
2025-11-28 08:57:15,914 - LeadForge - INFO - Saved new lead: agent13@rawson.co.za
2025-11-28 08:57:16,788 - LeadForge - INFO - Saved new lead: agent14@rawson.co.za
2025-11-28 08:57:17,876 - LeadForge - INFO - Lead already exists: agent15@pamgolding.co.za. Updating...
2025-11-28 08:57:18,688 - LeadForge - INFO - Saved new lead: agent16@pamgolding.co.za
2025-11-28 08:57:19,837 - LeadForge - INFO - Lead already exists: agent17@remax.co.za. Updating...
2025-11-28 08:57:20,494 - LeadForge - INFO - Lead already exists: agent18@pamgolding.co.za. Updating...
2025-11-28 08:57:21,099 - LeadForge - INFO - Lead already exists: agent19@pamgolding.co.za. Updating...
2025-11-28 08:57:21,099 - LeadForge - INFO - Real Estate collection complete. Collected 9 leads.
2025-11-28 08:57:21,099 - LeadForge - INFO - Background task for Real Estate completed
2025-11-28 09:04:42,522 - LeadForge - INFO - Starting LeadForge System...
2025-11-28 09:04:42,523 - LeadForge - INFO - --- Processing Real Estate ---
2025-11-28 09:04:42,523 - LeadForge - INFO - Starting Real Estate collection... Target: 20
2025-11-28 09:04:43,754 - LeadForge - INFO - Lead already exists: agent0@remax.co.za. Updating...
2025-11-28 09:04:45,220 - LeadForge - INFO - Lead already exists: agent1@pamgolding.co.za. Updating...
2025-11-28 09:04:45,763 - LeadForge - INFO - Lead already exists: agent2@rawson.co.za. Updating...
2025-11-28 09:04:46,448 - LeadForge - INFO - Lead already exists: agent3@remax.co.za. Updating...
2025-11-28 09:04:47,524 - LeadForge - INFO - Lead already exists: agent4@remax.co.za. Updating...
2025-11-28 09:04:48,997 - LeadForge - INFO - Lead already exists: agent5@pamgolding.co.za. Updating...
2025-11-28 09:04:50,501 - LeadForge - INFO - Lead already exists: agent6@rawson.co.za. Updating...
2025-11-28 09:04:51,638 - LeadForge - INFO - Lead already exists: agent7@pamgolding.co.za. Updating...
2025-11-28 09:04:53,079 - LeadForge - INFO - Lead already exists: agent8@remax.co.za. Updating...
2025-11-28 09:04:53,764 - LeadForge - INFO - Lead already exists: agent9@pamgolding.co.za. Updating...
2025-11-28 09:04:54,529 - LeadForge - INFO - Lead already exists: agent10@rawson.co.za. Updating...
2025-11-28 09:04:55,687 - LeadForge - INFO - Saved new lead: agent11@seeff.co.za
2025-11-28 09:04:57,014 - LeadForge - INFO - Lead already exists: agent12@remax.co.za. Updating...
2025-11-28 09:04:57,927 - LeadForge - INFO - Lead already exists: agent13@remax.co.za. Updating...
2025-11-28 09:04:59,000 - LeadForge - INFO - Saved new lead: agent14@seeff.co.za
2025-11-28 09:04:59,612 - LeadForge - INFO - Saved new lead: agent15@seeff.co.za
2025-11-28 09:05:00,330 - LeadForge - INFO - Lead already exists: agent16@rawson.co.za. Updating...
2025-11-28 09:05:01,259 - LeadForge - INFO - Saved new lead: agent17@pamgolding.co.za
2025-11-28 09:05:02,694 - LeadForge - INFO - Saved new lead: agent18@remax.co.za
2025-11-28 09:05:03,227 - LeadForge - INFO - Lead already exists: agent19@remax.co.za. Updating...
2025-11-28 09:05:03,227 - LeadForge - INFO - Real Estate collection complete. Collected 5 leads.
2025-11-28 09:05:03,233 - LeadForge - INFO - Processed 5 leads.
2025-11-28 09:05:03,269 - LeadForge - INFO - --- Processing Tutors ---
2025-11-28 09:05:03,269 - LeadForge - INFO - Starting Tutor collection... Target: 20
2025-11-28 09:05:04,303 - LeadForge - INFO - Lead already exists: tutor0@teachme.co.za. Updating...
2025-11-28 09:05:05,468 - LeadForge - INFO - Lead already exists: tutor1@teachme.co.za. Updating...
2025-11-28 09:05:06,168 - LeadForge - INFO - Lead already exists: tutor2@teachme.co.za. Updating...
2025-11-28 09:05:07,156 - LeadForge - INFO - Lead already exists: tutor3@teachme.co.za. Updating...
2025-11-28 09:05:07,770 - LeadForge - INFO - Lead already exists: tutor4@teachme.co.za. Updating...
2025-11-28 09:05:08,664 - LeadForge - INFO - Lead already exists: tutor5@teachme.co.za. Updating...
2025-11-28 09:05:09,670 - LeadForge - INFO - Lead already exists: tutor6@teachme.co.za. Updating...
2025-11-28 09:05:10,673 - LeadForge - INFO - Lead already exists: tutor7@teachme.co.za. Updating...
2025-11-28 09:05:11,748 - LeadForge - INFO - Lead already exists: tutor8@teachme.co.za. Updating...
2025-11-28 09:05:12,333 - LeadForge - INFO - Lead already exists: tutor9@teachme.co.za. Updating...
2025-11-28 09:05:13,608 - LeadForge - INFO - Lead already exists: tutor10@teachme.co.za. Updating...
2025-11-28 09:05:14,485 - LeadForge - INFO - Lead already exists: tutor11@teachme.co.za. Updating...
2025-11-28 09:05:15,759 - LeadForge - INFO - Lead already exists: tutor12@teachme.co.za. Updating...
2025-11-28 09:05:17,259 - LeadForge - INFO - Lead already exists: tutor13@teachme.co.za. Updating...
2025-11-28 09:05:17,895 - LeadForge - INFO - Lead already exists: tutor14@teachme.co.za. Updating...
2025-11-28 09:05:19,100 - LeadForge - INFO - Lead already exists: tutor15@teachme.co.za. Updating...
2025-11-28 09:05:20,168 - LeadForge - INFO - Lead already exists: tutor16@teachme.co.za. Updating...
2025-11-28 09:05:20,832 - LeadForge - INFO - Lead already exists: tutor17@teachme.co.za. Updating...
2025-11-28 09:05:22,338 - LeadForge - INFO - Lead already exists: tutor18@teachme.co.za. Updating...
2025-11-28 09:05:23,466 - LeadForge - INFO - Lead already exists: tutor19@teachme.co.za. Updating...
2025-11-28 09:05:23,466 - LeadForge - INFO - Tutor collection complete. Collected 0 leads.
2025-11-28 09:05:23,466 - LeadForge - WARNING - No data collected for Tutors.
2025-11-28 09:05:23,466 - LeadForge - INFO - --- Processing Service Providers ---
2025-11-28 09:05:23,466 - LeadForge - INFO - Starting Service Provider collection... Target: 20
2025-11-28 09:05:24,406 - LeadForge - INFO - Lead already exists: contact@mechanic0.co.za. Updating...
2025-11-28 09:05:25,523 - LeadForge - INFO - Saved new lead: contact@plumber1.co.za
2025-11-28 09:05:26,996 - LeadForge - INFO - Lead already exists: contact@plumber2.co.za. Updating...
2025-11-28 09:05:27,830 - LeadForge - INFO - Lead already exists: contact@electrician3.co.za. Updating...
2025-11-28 09:05:29,198 - LeadForge - INFO - Lead already exists: contact@electrician4.co.za. Updating...
2025-11-28 09:05:30,246 - LeadForge - INFO - Lead already exists: contact@mechanic5.co.za. Updating...
2025-11-28 09:05:30,814 - LeadForge - INFO - Lead already exists: contact@locksmith6.co.za. Updating...
2025-11-28 09:05:31,461 - LeadForge - INFO - Saved new lead: contact@mechanic7.co.za
2025-11-28 09:05:32,605 - LeadForge - INFO - Lead already exists: contact@locksmith8.co.za. Updating...
2025-11-28 09:05:33,933 - LeadForge - INFO - Lead already exists: contact@plumber9.co.za. Updating...
2025-11-28 09:05:35,398 - LeadForge - INFO - Lead already exists: contact@mechanic10.co.za. Updating...
2025-11-28 09:05:36,541 - LeadForge - INFO - Lead already exists: contact@plumber11.co.za. Updating...
2025-11-28 09:05:37,090 - LeadForge - INFO - Saved new lead: contact@electrician12.co.za
2025-11-28 09:05:38,521 - LeadForge - INFO - Lead already exists: contact@mechanic13.co.za. Updating...
2025-11-28 09:05:39,107 - LeadForge - INFO - Saved new lead: contact@plumber14.co.za
2025-11-28 09:05:39,766 - LeadForge - INFO - Lead already exists: contact@plumber15.co.za. Updating...
2025-11-28 09:05:40,302 - LeadForge - INFO - Lead already exists: contact@electrician16.co.za. Updating...
2025-11-28 09:05:41,674 - LeadForge - INFO - Lead already exists: contact@electrician17.co.za. Updating...
2025-11-28 09:05:42,448 - LeadForge - INFO - Saved new lead: contact@locksmith18.co.za
2025-11-28 09:05:43,649 - LeadForge - INFO - Lead already exists: contact@electrician19.co.za. Updating...
2025-11-28 09:05:43,650 - LeadForge - INFO - Service Provider collection complete. Collected 5 leads.
2025-11-28 09:05:43,655 - LeadForge - INFO - Processed 5 leads.
2025-11-28 09:05:43,663 - LeadForge - INFO - All niches processed.
2025-11-28 10:03:31,272 - LeadForge - INFO - Database initialized and default admin created
2025-11-28 10:04:45,913 - LeadForge - INFO - Starting background task for Real Estate
2025-11-28 10:04:45,913 - LeadForge - INFO - Starting Real Estate collection... Target: 20
2025-11-28 10:04:46,541 - LeadForge - INFO - Saved new lead: agent0@remax.co.za
2025-11-28 10:04:47,784 - LeadForge - INFO - Saved new lead: agent1@pamgolding.co.za
2025-11-28 10:04:48,972 - LeadForge - INFO - Saved new lead: agent2@remax.co.za
2025-11-28 10:04:50,315 - LeadForge - INFO - Saved new lead: agent3@remax.co.za
2025-11-28 10:04:50,899 - LeadForge - INFO - Saved new lead: agent4@seeff.co.za
2025-11-28 10:04:52,210 - LeadForge - INFO - Saved new lead: agent5@pamgolding.co.za
2025-11-28 10:04:52,738 - LeadForge - INFO - Saved new lead: agent6@pamgolding.co.za
2025-11-28 10:04:53,733 - LeadForge - INFO - Saved new lead: agent7@rawson.co.za
2025-11-28 10:04:55,224 - LeadForge - INFO - Saved new lead: agent8@remax.co.za
2025-11-28 10:04:56,515 - LeadForge - INFO - Saved new lead: agent9@pamgolding.co.za
2025-11-28 10:04:57,226 - LeadForge - INFO - Saved new lead: agent10@rawson.co.za
2025-11-28 10:04:58,430 - LeadForge - INFO - Saved new lead: agent11@pamgolding.co.za
2025-11-28 10:04:59,406 - LeadForge - INFO - Saved new lead: agent12@rawson.co.za
2025-11-28 10:05:00,383 - LeadForge - INFO - Saved new lead: agent13@remax.co.za
2025-11-28 10:05:01,896 - LeadForge - INFO - Saved new lead: agent14@rawson.co.za
2025-11-28 10:05:03,306 - LeadForge - INFO - Saved new lead: agent15@rawson.co.za
2025-11-28 10:05:04,812 - LeadForge - INFO - Saved new lead: agent16@pamgolding.co.za
2025-11-28 10:05:06,165 - LeadForge - INFO - Saved new lead: agent17@rawson.co.za
2025-11-28 10:05:07,055 - LeadForge - INFO - Saved new lead: agent18@pamgolding.co.za
2025-11-28 10:05:08,141 - LeadForge - INFO - Saved new lead: agent19@seeff.co.za
2025-11-28 10:05:08,141 - LeadForge - INFO - Real Estate collection complete. Collected 20 leads.
2025-11-28 10:05:08,141 - LeadForge - INFO - Background task for Real Estate completed
2025-11-28 10:08:57,989 - LeadForge - INFO - Database initialized and default admin created
2025-11-28 10:19:41,408 - LeadForge - INFO - Database initialized and default admin created
2025-11-28 10:39:22,482 - LeadForge - INFO - Database initialized and default admin created
2025-11-28 10:42:28,429 - LeadForge - INFO - Database initialized and default admin created
2025-11-28 10:42:29,898 - LeadForge - INFO - Database initialized and default admin created
2025-11-28 10:42:29,901 - LeadForge - INFO - Flask application initialized
2025-11-28 10:42:58,410 - LeadForge - INFO - Database initialized and default admin created
2025-11-28 10:42:58,411 - LeadForge - INFO - Flask application initialized
2025-11-28 10:43:38,770 - LeadForge - INFO - Database initialized and default admin created
2025-11-28 10:43:38,772 - LeadForge - INFO - Flask application initialized
2025-11-28 10:45:40,906 - LeadForge - INFO - Database initialized and default admin created
2025-11-28 10:45:40,909 - LeadForge - INFO - Flask application initialized
2025-11-28 10:45:41,546 - LeadForge - INFO - Database initialized and default admin created
2025-11-28 10:45:41,548 - LeadForge - INFO - Flask application initialized
2025-11-28 10:53:21,972 - LeadForge - INFO - Database initialized and default admin created
2025-11-28 10:53:21,975 - LeadForge - INFO - Flask application initialized
2025-11-28 11:07:16,939 - LeadForge - INFO - Database initialized and default admin created
2025-11-28 11:07:16,943 - LeadForge - INFO - Flask application initialized
2025-11-28 11:09:31,519 - LeadForge - INFO - Database initialized and default admin created
2025-11-28 11:09:31,522 - LeadForge - INFO - Flask application initialized
2025-11-28 11:09:32,238 - LeadForge - INFO - Database initialized and default admin created
2025-11-28 11:09:32,241 - LeadForge - INFO - Flask application initialized
2025-11-28 11:12:18,191 - LeadForge - INFO - Starting scraping for Real Estate
2025-11-28 11:12:18,191 - LeadForge - INFO - Starting Real Estate collection... Target: 20
2025-11-28 11:12:19,676 - LeadForge - INFO - Saved new lead: agent0@seeff.co.za
2025-11-28 11:12:20,318 - LeadForge - INFO - Lead already exists: agent1@pamgolding.co.za. Updating...
2025-11-28 11:12:21,009 - LeadForge - INFO - Saved new lead: agent2@rawson.co.za
2025-11-28 11:12:22,187 - LeadForge - INFO - Lead already exists: agent3@remax.co.za. Updating...
2025-11-28 11:12:22,786 - LeadForge - INFO - Saved new lead: agent4@remax.co.za
2025-11-28 11:12:23,720 - LeadForge - INFO - Saved new lead: agent5@rawson.co.za
2025-11-28 11:12:24,703 - LeadForge - INFO - Saved new lead: agent6@rawson.co.za
2025-11-28 11:12:25,925 - LeadForge - INFO - Saved new lead: agent7@seeff.co.za
2025-11-28 11:12:26,791 - LeadForge - INFO - Saved new lead: agent8@rawson.co.za
2025-11-28 11:12:27,296 - LeadForge - INFO - Lead already exists: agent9@pamgolding.co.za. Updating...
2025-11-28 11:12:28,633 - LeadForge - INFO - Lead already exists: agent10@rawson.co.za. Updating...
2025-11-28 11:12:29,869 - LeadForge - INFO - Saved new lead: agent11@remax.co.za
2025-11-28 11:12:31,264 - LeadForge - INFO - Lead already exists: agent12@rawson.co.za. Updating...
2025-11-28 11:12:32,293 - LeadForge - INFO - Saved new lead: agent13@seeff.co.za
2025-11-28 11:12:33,187 - LeadForge - INFO - Saved new lead: agent14@remax.co.za
2025-11-28 11:12:34,654 - LeadForge - INFO - Saved new lead: agent15@pamgolding.co.za
2025-11-28 11:12:35,431 - LeadForge - INFO - Saved new lead: agent16@remax.co.za
2025-11-28 11:12:36,297 - LeadForge - INFO - Saved new lead: agent17@pamgolding.co.za
2025-11-28 11:12:37,039 - LeadForge - INFO - Lead already exists: agent18@pamgolding.co.za. Updating...
2025-11-28 11:12:37,764 - LeadForge - INFO - Saved new lead: agent19@pamgolding.co.za
2025-11-28 11:12:37,765 - LeadForge - INFO - Real Estate collection complete. Collected 14 leads.
2025-11-28 11:12:37,765 - LeadForge - INFO - Scraping completed for Real Estate
2025-12-01 09:40:00,813 - LeadForge - INFO - Database initialized and default admin created
2025-12-01 09:40:00,816 - LeadForge - INFO - Flask application initialized
2025-12-01 09:40:01,585 - LeadForge - INFO - Database initialized and default admin created
2025-12-01 09:40:01,588 - LeadForge - INFO - Flask application initialized
2025-12-01 09:45:19,155 - LeadForge - INFO - Database initialized and default admin created
2025-12-01 09:45:19,159 - LeadForge - INFO - Flask application initialized
2025-12-01 09:45:21,172 - LeadForge - INFO - Database initialized and default admin created
2025-12-01 09:45:21,175 - LeadForge - INFO - Flask application initialized
2025-12-01 09:45:24,725 - LeadForge - INFO - Database initialized and default admin created
2025-12-01 09:45:24,728 - LeadForge - INFO - Flask application initialized
2025-12-01 09:46:43,221 - LeadForge - INFO - Database initialized and default admin created
2025-12-01 09:46:43,224 - LeadForge - INFO - Flask application initialized
2025-12-01 09:46:43,832 - LeadForge - INFO - Database initialized and default admin created
2025-12-01 09:46:43,834 - LeadForge - INFO - Flask application initialized
2025-12-01 09:50:18,023 - LeadForge - INFO - Starting scraping for Tutors
2025-12-01 09:50:18,024 - LeadForge - INFO - Starting Tutor collection... Target: 20
2025-12-01 09:50:18,767 - LeadForge - INFO - Saved new lead: tutor0@teachme.co.za
2025-12-01 09:50:20,141 - LeadForge - INFO - Saved new lead: tutor1@teachme.co.za
2025-12-01 09:50:21,559 - LeadForge - INFO - Saved new lead: tutor2@teachme.co.za
2025-12-01 09:50:23,032 - LeadForge - INFO - Saved new lead: tutor3@teachme.co.za
2025-12-01 09:50:23,974 - LeadForge - INFO - Saved new lead: tutor4@teachme.co.za
2025-12-01 09:50:24,267 - LeadForge - INFO - Starting scraping for Service Providers
2025-12-01 09:50:24,268 - LeadForge - INFO - Starting Service Provider collection... Target: 20
2025-12-01 09:50:25,126 - LeadForge - INFO - Saved new lead: tutor5@teachme.co.za
2025-12-01 09:50:25,334 - LeadForge - INFO - Saved new lead: contact@locksmith0.co.za
2025-12-01 09:50:25,954 - LeadForge - INFO - Saved new lead: tutor6@teachme.co.za
2025-12-01 09:50:26,806 - LeadForge - INFO - Saved new lead: tutor7@teachme.co.za
2025-12-01 09:50:26,823 - LeadForge - INFO - Saved new lead: contact@plumber1.co.za
2025-12-01 09:50:28,028 - LeadForge - INFO - Saved new lead: contact@plumber2.co.za
2025-12-01 09:50:28,267 - LeadForge - INFO - Saved new lead: tutor8@teachme.co.za
2025-12-01 09:50:28,916 - LeadForge - INFO - Saved new lead: tutor9@teachme.co.za
2025-12-01 09:50:29,113 - LeadForge - INFO - Saved new lead: contact@electrician3.co.za
2025-12-01 09:50:29,667 - LeadForge - INFO - Saved new lead: contact@electrician4.co.za
2025-12-01 09:50:30,398 - LeadForge - INFO - Saved new lead: tutor10@teachme.co.za
2025-12-01 09:50:30,476 - LeadForge - INFO - Saved new lead: contact@plumber5.co.za
2025-12-01 09:50:31,440 - LeadForge - INFO - Saved new lead: tutor11@teachme.co.za
2025-12-01 09:50:31,737 - LeadForge - INFO - Saved new lead: contact@electrician6.co.za
2025-12-01 09:50:32,137 - LeadForge - INFO - Saved new lead: tutor12@teachme.co.za
2025-12-01 09:50:32,887 - LeadForge - INFO - Saved new lead: contact@mechanic7.co.za
2025-12-01 09:50:33,193 - LeadForge - INFO - Saved new lead: tutor13@teachme.co.za
2025-12-01 09:50:33,796 - LeadForge - INFO - Saved new lead: tutor14@teachme.co.za
2025-12-01 09:50:34,316 - LeadForge - INFO - Saved new lead: contact@electrician8.co.za
2025-12-01 09:50:34,531 - LeadForge - INFO - Saved new lead: tutor15@teachme.co.za
2025-12-01 09:50:35,064 - LeadForge - INFO - Saved new lead: contact@electrician9.co.za
2025-12-01 09:50:35,459 - LeadForge - INFO - Saved new lead: tutor16@teachme.co.za
2025-12-01 09:50:36,083 - LeadForge - INFO - Saved new lead: tutor17@teachme.co.za
2025-12-01 09:50:36,542 - LeadForge - INFO - Saved new lead: contact@plumber10.co.za
2025-12-01 09:50:37,067 - LeadForge - INFO - Saved new lead: tutor18@teachme.co.za
2025-12-01 09:50:37,788 - LeadForge - INFO - Saved new lead: contact@electrician11.co.za
2025-12-01 09:50:37,833 - LeadForge - INFO - Saved new lead: tutor19@teachme.co.za
2025-12-01 09:50:37,833 - LeadForge - INFO - Tutor collection complete. Collected 20 leads.
2025-12-01 09:50:37,833 - LeadForge - INFO - Scraping completed for Tutors
2025-12-01 09:50:39,254 - LeadForge - INFO - Saved new lead: contact@locksmith12.co.za
2025-12-01 09:50:40,170 - LeadForge - INFO - Saved new lead: contact@locksmith13.co.za
2025-12-01 09:50:41,253 - LeadForge - INFO - Saved new lead: contact@plumber14.co.za
2025-12-01 09:50:42,468 - LeadForge - INFO - Saved new lead: contact@locksmith15.co.za
2025-12-01 09:50:43,115 - LeadForge - INFO - Saved new lead: contact@plumber16.co.za
2025-12-01 09:50:44,497 - LeadForge - INFO - Saved new lead: contact@locksmith17.co.za
2025-12-01 09:50:45,952 - LeadForge - INFO - Saved new lead: contact@electrician18.co.za
2025-12-01 09:50:47,466 - LeadForge - INFO - Saved new lead: contact@mechanic19.co.za
2025-12-01 09:50:47,466 - LeadForge - INFO - Service Provider collection complete. Collected 20 leads.
2025-12-01 09:50:47,466 - LeadForge - INFO - Scraping completed for Service Providers
2025-12-01 10:26:58,716 - LeadForge - INFO - Database initialized and default admin created
2025-12-01 10:26:58,723 - LeadForge - INFO - Flask application initialized
2025-12-01 10:28:59,120 - LeadForge - INFO - Database initialized and default admin created
2025-12-01 10:28:59,122 - LeadForge - INFO - Flask application initialized
2025-12-01 10:29:05,484 - LeadForge - INFO - Database initialized and default admin created
2025-12-01 10:29:05,487 - LeadForge - INFO - Flask application initialized
2025-12-02 08:55:55,104 - LeadForge - INFO - Database initialized and default admin created
2025-12-02 08:55:55,107 - LeadForge - INFO - Flask application initialized
2025-12-02 08:55:55,778 - LeadForge - INFO - Database initialized and default admin created
2025-12-02 08:55:55,780 - LeadForge - INFO - Flask application initialized
2025-12-02 08:56:50,565 - LeadForge - INFO - Starting scraping for Real Estate
2025-12-02 08:56:50,565 - LeadForge - INFO - Starting Real Estate collection... Target: 20
2025-12-02 08:56:51,193 - LeadForge - INFO - Lead already exists: agent0@seeff.co.za. Updating...
2025-12-02 08:56:52,686 - LeadForge - INFO - Saved new lead: agent1@seeff.co.za
2025-12-02 08:56:53,464 - LeadForge - INFO - Saved new lead: agent2@pamgolding.co.za
2025-12-02 08:56:54,218 - LeadForge - INFO - Saved new lead: agent3@rawson.co.za
2025-12-02 08:56:54,969 - LeadForge - INFO - Saved new lead: agent4@rawson.co.za
2025-12-02 08:56:56,227 - LeadForge - INFO - Lead already exists: agent5@rawson.co.za. Updating...
2025-12-02 08:56:57,123 - LeadForge - INFO - Saved new lead: agent6@seeff.co.za
2025-12-02 08:56:58,086 - LeadForge - INFO - Lead already exists: agent7@rawson.co.za. Updating...
2025-12-02 08:56:58,776 - LeadForge - INFO - Lead already exists: agent8@rawson.co.za. Updating...
2025-12-02 08:56:59,798 - LeadForge - INFO - Saved new lead: agent9@seeff.co.za
2025-12-02 08:57:01,278 - LeadForge - INFO - Saved new lead: agent10@pamgolding.co.za
2025-12-02 08:57:02,691 - LeadForge - INFO - Saved new lead: agent11@seeff.co.za
2025-12-02 08:57:03,506 - LeadForge - INFO - Lead already exists: agent12@rawson.co.za. Updating...
2025-12-02 08:57:04,566 - LeadForge - INFO - Saved new lead: agent13@rawson.co.za
2025-12-02 08:57:05,177 - LeadForge - INFO - Saved new lead: agent14@seeff.co.za
2025-12-02 08:57:06,443 - LeadForge - INFO - Lead already exists: agent15@rawson.co.za. Updating...
2025-12-02 08:57:07,638 - LeadForge - INFO - Saved new lead: agent16@rawson.co.za
2025-12-02 08:57:08,142 - LeadForge - INFO - Lead already exists: agent17@pamgolding.co.za. Updating...
2025-12-02 08:57:09,272 - LeadForge - INFO - Saved new lead: agent18@seeff.co.za
2025-12-02 08:57:10,767 - LeadForge - INFO - Lead already exists: agent19@pamgolding.co.za. Updating...
2025-12-02 08:57:10,767 - LeadForge - INFO - Real Estate collection complete. Collected 12 leads.
2025-12-02 08:57:10,767 - LeadForge - INFO - Scraping completed for Real Estate
2025-12-02 08:59:27,158 - LeadForge - INFO - Starting scraping for Tutors
2025-12-02 08:59:27,159 - LeadForge - INFO - Starting Tutor collection... Target: 20
2025-12-02 08:59:27,803 - LeadForge - INFO - Lead already exists: tutor0@teachme.co.za. Updating...
2025-12-02 08:59:28,539 - LeadForge - INFO - Lead already exists: tutor1@teachme.co.za. Updating...
2025-12-02 08:59:29,645 - LeadForge - INFO - Lead already exists: tutor2@teachme.co.za. Updating...
2025-12-02 08:59:30,868 - LeadForge - INFO - Lead already exists: tutor3@teachme.co.za. Updating...
2025-12-02 08:59:31,599 - LeadForge - INFO - Lead already exists: tutor4@teachme.co.za. Updating...
2025-12-02 08:59:32,752 - LeadForge - INFO - Lead already exists: tutor5@teachme.co.za. Updating...
2025-12-02 08:59:33,288 - LeadForge - INFO - Lead already exists: tutor6@teachme.co.za. Updating...
2025-12-02 08:59:34,420 - LeadForge - INFO - Lead already exists: tutor7@teachme.co.za. Updating...
2025-12-02 08:59:35,895 - LeadForge - INFO - Lead already exists: tutor8@teachme.co.za. Updating...
2025-12-02 08:59:37,354 - LeadForge - INFO - Lead already exists: tutor9@teachme.co.za. Updating...
2025-12-02 08:59:38,673 - LeadForge - INFO - Lead already exists: tutor10@teachme.co.za. Updating...
2025-12-02 08:59:40,116 - LeadForge - INFO - Lead already exists: tutor11@teachme.co.za. Updating...
2025-12-02 08:59:41,005 - LeadForge - INFO - Lead already exists: tutor12@teachme.co.za. Updating...
2025-12-02 08:59:42,101 - LeadForge - INFO - Lead already exists: tutor13@teachme.co.za. Updating...
2025-12-02 08:59:43,471 - LeadForge - INFO - Lead already exists: tutor14@teachme.co.za. Updating...
2025-12-02 08:59:44,855 - LeadForge - INFO - Lead already exists: tutor15@teachme.co.za. Updating...
2025-12-02 08:59:45,753 - LeadForge - INFO - Lead already exists: tutor16@teachme.co.za. Updating...
2025-12-02 08:59:46,273 - LeadForge - INFO - Lead already exists: tutor17@teachme.co.za. Updating...
2025-12-02 08:59:47,006 - LeadForge - INFO - Lead already exists: tutor18@teachme.co.za. Updating...
2025-12-02 08:59:47,807 - LeadForge - INFO - Lead already exists: tutor19@teachme.co.za. Updating...
2025-12-02 08:59:47,807 - LeadForge - INFO - Tutor collection complete. Collected 0 leads.
2025-12-02 08:59:47,807 - LeadForge - INFO - Scraping completed for Tutors
2025-12-02 09:29:05,835 - LeadForge - INFO - Database initialized and default admin created
2025-12-02 09:29:05,838 - LeadForge - INFO - Flask application initialized
2025-12-02 09:29:06,549 - LeadForge - INFO - Database initialized and default admin created
2025-12-02 09:29:06,553 - LeadForge - INFO - Flask application initialized
2025-12-02 09:31:00,336 - LeadForge - INFO - Starting scraping for Real Estate
2025-12-02 09:31:00,336 - LeadForge - INFO - Starting Real Estate collection... Target: 20
2025-12-02 09:34:59,342 - LeadForge - INFO - Database initialized and default admin created
2025-12-02 09:34:59,345 - LeadForge - INFO - Flask application initialized
2025-12-02 09:35:32,303 - LeadForge - INFO - Database initialized and default admin created
2025-12-02 09:35:32,306 - LeadForge - INFO - Flask application initialized
2025-12-02 09:35:57,185 - LeadForge - INFO - Database initialized and default admin created
2025-12-02 09:35:57,189 - LeadForge - INFO - Flask application initialized
2025-12-02 09:35:57,753 - LeadForge - INFO - Database initialized and default admin created
2025-12-02 09:35:57,757 - LeadForge - INFO - Flask application initialized
2025-12-02 09:36:20,161 - LeadForge - INFO - Starting scraping for Real Estate
2025-12-02 09:36:20,161 - LeadForge - INFO - Starting Real Estate collection... Target: 20
2025-12-02 09:36:20,841 - LeadForge - INFO - Scored new lead: 49.00
2025-12-02 09:36:20,858 - LeadForge - INFO - Saved new lead: agent0@rawson.co.za
2025-12-02 09:36:21,547 - LeadForge - INFO - Scored new lead: 49.00
2025-12-02 09:36:21,563 - LeadForge - INFO - Saved new lead: agent1@seeff.co.za
2025-12-02 09:36:22,128 - LeadForge - INFO - Scored new lead: 49.00
2025-12-02 09:36:22,143 - LeadForge - INFO - Saved new lead: agent2@remax.co.za
2025-12-02 09:36:23,197 - LeadForge - INFO - Scored new lead: 49.00
2025-12-02 09:36:23,212 - LeadForge - INFO - Saved new lead: agent3@rawson.co.za
2025-12-02 09:36:23,993 - LeadForge - INFO - Scored new lead: 49.00
2025-12-02 09:36:24,006 - LeadForge - INFO - Saved new lead: agent4@seeff.co.za
2025-12-02 09:36:24,949 - LeadForge - INFO - Scored new lead: 49.00
2025-12-02 09:36:24,969 - LeadForge - INFO - Saved new lead: agent5@pamgolding.co.za
2025-12-02 09:36:25,475 - LeadForge - INFO - Scored new lead: 49.00
2025-12-02 09:36:25,490 - LeadForge - INFO - Saved new lead: agent6@seeff.co.za
2025-12-02 09:36:26,314 - LeadForge - INFO - Scored new lead: 49.00
2025-12-02 09:36:26,327 - LeadForge - INFO - Saved new lead: agent7@pamgolding.co.za
2025-12-02 09:36:27,649 - LeadForge - INFO - Scored new lead: 49.00
2025-12-02 09:36:27,664 - LeadForge - INFO - Saved new lead: agent8@seeff.co.za
2025-12-02 09:36:28,973 - LeadForge - INFO - Scored new lead: 49.00
2025-12-02 09:36:28,993 - LeadForge - INFO - Saved new lead: agent9@rawson.co.za
2025-12-02 09:36:29,690 - LeadForge - INFO - Scored new lead: 49.00
2025-12-02 09:36:29,709 - LeadForge - INFO - Saved new lead: agent10@remax.co.za
2025-12-02 09:36:31,097 - LeadForge - INFO - Scored new lead: 49.00
2025-12-02 09:36:31,117 - LeadForge - INFO - Saved new lead: agent11@pamgolding.co.za
2025-12-02 09:36:31,778 - LeadForge - INFO - Scored new lead: 49.00
2025-12-02 09:36:31,790 - LeadForge - INFO - Saved new lead: agent12@rawson.co.za
2025-12-02 09:36:32,661 - LeadForge - INFO - Scored new lead: 49.00
2025-12-02 09:36:32,681 - LeadForge - INFO - Saved new lead: agent13@seeff.co.za
2025-12-02 09:36:33,507 - LeadForge - INFO - Scored new lead: 49.00
2025-12-02 09:36:33,521 - LeadForge - INFO - Saved new lead: agent14@rawson.co.za
2025-12-02 09:36:34,521 - LeadForge - INFO - Scored new lead: 49.00
2025-12-02 09:36:34,536 - LeadForge - INFO - Saved new lead: agent15@rawson.co.za
2025-12-02 09:36:35,723 - LeadForge - INFO - Scored new lead: 49.00
2025-12-02 09:36:35,737 - LeadForge - INFO - Saved new lead: agent16@pamgolding.co.za
2025-12-02 09:36:37,002 - LeadForge - INFO - Scored new lead: 49.00
2025-12-02 09:36:37,017 - LeadForge - INFO - Saved new lead: agent17@pamgolding.co.za
2025-12-02 09:36:38,492 - LeadForge - INFO - Scored new lead: 49.00
2025-12-02 09:36:38,501 - LeadForge - INFO - Saved new lead: agent18@pamgolding.co.za
2025-12-02 09:36:39,608 - LeadForge - INFO - Scored new lead: 49.00
2025-12-02 09:36:39,624 - LeadForge - INFO - Saved new lead: agent19@pamgolding.co.za
2025-12-02 09:36:39,624 - LeadForge - INFO - Real Estate collection complete. Collected 20 leads.
2025-12-02 09:36:39,624 - LeadForge - INFO - Scraping completed for Real Estate
2025-12-02 09:37:18,792 - LeadForge - INFO - Starting scraping for Tutors
2025-12-02 09:37:18,792 - LeadForge - INFO - Starting Tutor collection... Target: 20
2025-12-02 09:37:19,432 - LeadForge - INFO - Scored new lead: 49.00
2025-12-02 09:37:19,445 - LeadForge - INFO - Saved new lead: tutor0@teachme.co.za
2025-12-02 09:37:20,421 - LeadForge - INFO - Scored new lead: 49.00
2025-12-02 09:37:20,436 - LeadForge - INFO - Saved new lead: tutor1@teachme.co.za
2025-12-02 09:37:21,331 - LeadForge - INFO - Scored new lead: 49.00
2025-12-02 09:37:21,345 - LeadForge - INFO - Saved new lead: tutor2@teachme.co.za
2025-12-02 09:37:22,316 - LeadForge - INFO - Scored new lead: 49.00
2025-12-02 09:37:22,331 - LeadForge - INFO - Saved new lead: tutor3@teachme.co.za
2025-12-02 09:37:23,038 - LeadForge - INFO - Scored new lead: 49.00
2025-12-02 09:37:23,052 - LeadForge - INFO - Saved new lead: tutor4@teachme.co.za
2025-12-02 09:37:24,393 - LeadForge - INFO - Scored new lead: 49.00
2025-12-02 09:37:24,409 - LeadForge - INFO - Saved new lead: tutor5@teachme.co.za
2025-12-02 09:37:25,550 - LeadForge - INFO - Scored new lead: 49.00
2025-12-02 09:37:25,566 - LeadForge - INFO - Saved new lead: tutor6@teachme.co.za
2025-12-02 09:37:26,308 - LeadForge - INFO - Scored new lead: 49.00
2025-12-02 09:37:26,327 - LeadForge - INFO - Saved new lead: tutor7@teachme.co.za
2025-12-02 09:37:27,740 - LeadForge - INFO - Scored new lead: 49.00
2025-12-02 09:37:27,754 - LeadForge - INFO - Saved new lead: tutor8@teachme.co.za
2025-12-02 09:37:28,503 - LeadForge - INFO - Scored new lead: 49.00
2025-12-02 09:37:28,525 - LeadForge - INFO - Saved new lead: tutor9@teachme.co.za
2025-12-02 09:37:29,389 - LeadForge - INFO - Scored new lead: 49.00
2025-12-02 09:37:29,408 - LeadForge - INFO - Saved new lead: tutor10@teachme.co.za
2025-12-02 09:37:30,565 - LeadForge - INFO - Scored new lead: 49.00
2025-12-02 09:37:30,578 - LeadForge - INFO - Saved new lead: tutor11@teachme.co.za
2025-12-02 09:37:31,423 - LeadForge - INFO - Scored new lead: 49.00
2025-12-02 09:37:31,437 - LeadForge - INFO - Saved new lead: tutor12@teachme.co.za
2025-12-02 09:37:32,261 - LeadForge - INFO - Scored new lead: 49.00
2025-12-02 09:37:32,281 - LeadForge - INFO - Saved new lead: tutor13@teachme.co.za
2025-12-02 09:37:33,649 - LeadForge - INFO - Scored new lead: 49.00
2025-12-02 09:37:33,664 - LeadForge - INFO - Saved new lead: tutor14@teachme.co.za
2025-12-02 09:37:35,106 - LeadForge - INFO - Scored new lead: 49.00
2025-12-02 09:37:35,125 - LeadForge - INFO - Saved new lead: tutor15@teachme.co.za
2025-12-02 09:37:35,743 - LeadForge - INFO - Scored new lead: 49.00
2025-12-02 09:37:35,762 - LeadForge - INFO - Saved new lead: tutor16@teachme.co.za
2025-12-02 09:37:36,746 - LeadForge - INFO - Scored new lead: 49.00
2025-12-02 09:37:36,761 - LeadForge - INFO - Saved new lead: tutor17@teachme.co.za
2025-12-02 09:37:38,134 - LeadForge - INFO - Scored new lead: 49.00
2025-12-02 09:37:38,149 - LeadForge - INFO - Saved new lead: tutor18@teachme.co.za
2025-12-02 09:37:39,372 - LeadForge - INFO - Scored new lead: 49.00
2025-12-02 09:37:39,392 - LeadForge - INFO - Saved new lead: tutor19@teachme.co.za
2025-12-02 09:37:39,392 - LeadForge - INFO - Tutor collection complete. Collected 20 leads.
2025-12-02 09:37:39,392 - LeadForge - INFO - Scraping completed for Tutors
2025-12-02 09:46:27,650 - LeadForge - INFO - Database initialized and default admin created
2025-12-02 09:46:50,149 - LeadForge - INFO - Database initialized and default admin created
2025-12-02 09:46:50,184 - LeadForge - INFO - WebSocket server initialized
2025-12-02 09:46:50,184 - LeadForge - INFO - Flask application initialized with WebSocket support
2025-12-02 09:46:51,151 - LeadForge - INFO - Database initialized and default admin created
2025-12-02 09:46:51,170 - LeadForge - INFO - WebSocket server initialized
2025-12-02 09:46:51,170 - LeadForge - INFO - Flask application initialized with WebSocket support
2025-12-02 09:46:59,033 - LeadForge - INFO - Client connected: SV8fircK0LJ44FMZAAAB
2025-12-02 09:46:59,078 - LeadForge - INFO - Client SV8fircK0LJ44FMZAAAB joined dashboard
2025-12-02 09:47:13,883 - LeadForge - INFO - Client SV8fircK0LJ44FMZAAAB left dashboard
2025-12-02 09:47:13,885 - LeadForge - INFO - Client disconnected: SV8fircK0LJ44FMZAAAB
2025-12-02 09:47:14,720 - LeadForge - INFO - Starting scraping for Service Providers
2025-12-02 09:47:14,721 - LeadForge - INFO - Starting Service Provider collection... Target: 20
2025-12-02 09:47:15,467 - LeadForge - INFO - Scored new lead: 49.00
2025-12-02 09:47:15,503 - LeadForge - INFO - Saved new lead: contact@plumber0.co.za
2025-12-02 09:47:15,854 - LeadForge - INFO - Client connected: iM5AMTglTNqogP7HAAAD
2025-12-02 09:47:15,898 - LeadForge - INFO - Client iM5AMTglTNqogP7HAAAD joined dashboard
2025-12-02 09:47:16,915 - LeadForge - INFO - Scored new lead: 49.00
2025-12-02 09:47:16,931 - LeadForge - INFO - Saved new lead: contact@locksmith1.co.za
2025-12-02 09:47:16,931 - LeadForge - WARNING - Could not emit WebSocket event: Object of type datetime is not JSON serializable
2025-12-02 09:47:18,317 - LeadForge - INFO - Scored new lead: 49.00
2025-12-02 09:47:18,333 - LeadForge - INFO - Saved new lead: contact@plumber2.co.za
2025-12-02 09:47:18,334 - LeadForge - WARNING - Could not emit WebSocket event: Object of type datetime is not JSON serializable
2025-12-02 09:47:19,006 - LeadForge - INFO - Scored new lead: 49.00
2025-12-02 09:47:19,024 - LeadForge - INFO - Saved new lead: contact@locksmith3.co.za
2025-12-02 09:47:19,025 - LeadForge - WARNING - Could not emit WebSocket event: Object of type datetime is not JSON serializable
2025-12-02 09:47:19,966 - LeadForge - INFO - Scored new lead: 49.00
2025-12-02 09:47:19,988 - LeadForge - INFO - Saved new lead: contact@mechanic4.co.za
2025-12-02 09:47:19,989 - LeadForge - WARNING - Could not emit WebSocket event: Object of type datetime is not JSON serializable
2025-12-02 09:47:20,925 - LeadForge - INFO - Scored new lead: 49.00
2025-12-02 09:47:20,943 - LeadForge - INFO - Saved new lead: contact@plumber5.co.za
2025-12-02 09:47:20,943 - LeadForge - WARNING - Could not emit WebSocket event: Object of type datetime is not JSON serializable
2025-12-02 09:47:22,228 - LeadForge - INFO - Scored new lead: 49.00
2025-12-02 09:47:22,251 - LeadForge - INFO - Saved new lead: contact@mechanic6.co.za
2025-12-02 09:47:22,252 - LeadForge - WARNING - Could not emit WebSocket event: Object of type datetime is not JSON serializable
2025-12-02 09:47:23,099 - LeadForge - INFO - Scored new lead: 49.00
2025-12-02 09:47:23,119 - LeadForge - INFO - Saved new lead: contact@electrician7.co.za
2025-12-02 09:47:23,120 - LeadForge - WARNING - Could not emit WebSocket event: Object of type datetime is not JSON serializable
2025-12-02 09:47:24,112 - LeadForge - INFO - Scored new lead: 49.00
2025-12-02 09:47:24,132 - LeadForge - INFO - Saved new lead: contact@plumber8.co.za
2025-12-02 09:47:24,133 - LeadForge - WARNING - Could not emit WebSocket event: Object of type datetime is not JSON serializable
2025-12-02 09:47:25,217 - LeadForge - INFO - Scored new lead: 49.00
2025-12-02 09:47:25,239 - LeadForge - INFO - Saved new lead: contact@plumber9.co.za
2025-12-02 09:47:25,240 - LeadForge - WARNING - Could not emit WebSocket event: Object of type datetime is not JSON serializable
2025-12-02 09:47:26,061 - LeadForge - INFO - Scored new lead: 49.00
2025-12-02 09:47:26,075 - LeadForge - INFO - Saved new lead: contact@plumber10.co.za
2025-12-02 09:47:26,076 - LeadForge - WARNING - Could not emit WebSocket event: Object of type datetime is not JSON serializable
2025-12-02 09:47:26,634 - LeadForge - INFO - Scored new lead: 49.00
2025-12-02 09:47:26,652 - LeadForge - INFO - Saved new lead: contact@mechanic11.co.za
2025-12-02 09:47:26,653 - LeadForge - WARNING - Could not emit WebSocket event: Object of type datetime is not JSON serializable
2025-12-02 09:47:27,373 - LeadForge - INFO - Scored new lead: 49.00
2025-12-02 09:47:27,394 - LeadForge - INFO - Saved new lead: contact@electrician12.co.za
2025-12-02 09:47:27,395 - LeadForge - WARNING - Could not emit WebSocket event: Object of type datetime is not JSON serializable
2025-12-02 09:47:28,770 - LeadForge - INFO - Scored new lead: 49.00
2025-12-02 09:47:28,809 - LeadForge - INFO - Saved new lead: contact@electrician13.co.za
2025-12-02 09:47:28,810 - LeadForge - WARNING - Could not emit WebSocket event: Object of type datetime is not JSON serializable
2025-12-02 09:47:30,101 - LeadForge - INFO - Scored new lead: 49.00
2025-12-02 09:47:30,120 - LeadForge - INFO - Saved new lead: contact@electrician14.co.za
2025-12-02 09:47:30,120 - LeadForge - WARNING - Could not emit WebSocket event: Object of type datetime is not JSON serializable
2025-12-02 09:47:31,065 - LeadForge - INFO - Scored new lead: 49.00
2025-12-02 09:47:31,084 - LeadForge - INFO - Saved new lead: contact@electrician15.co.za
2025-12-02 09:47:31,085 - LeadForge - WARNING - Could not emit WebSocket event: Object of type datetime is not JSON serializable
2025-12-02 09:47:31,749 - LeadForge - INFO - Scored new lead: 49.00
2025-12-02 09:47:31,768 - LeadForge - INFO - Saved new lead: contact@plumber16.co.za
2025-12-02 09:47:31,769 - LeadForge - WARNING - Could not emit WebSocket event: Object of type datetime is not JSON serializable
2025-12-02 09:47:32,561 - LeadForge - INFO - Scored new lead: 49.00
2025-12-02 09:47:32,582 - LeadForge - INFO - Saved new lead: contact@mechanic17.co.za
2025-12-02 09:47:32,582 - LeadForge - WARNING - Could not emit WebSocket event: Object of type datetime is not JSON serializable
2025-12-02 09:47:33,220 - LeadForge - INFO - Scored new lead: 49.00
2025-12-02 09:47:33,235 - LeadForge - INFO - Saved new lead: contact@plumber18.co.za
2025-12-02 09:47:33,235 - LeadForge - WARNING - Could not emit WebSocket event: Object of type datetime is not JSON serializable
2025-12-02 09:47:34,674 - LeadForge - INFO - Scored new lead: 49.00
2025-12-02 09:47:34,692 - LeadForge - INFO - Saved new lead: contact@electrician19.co.za
2025-12-02 09:47:34,693 - LeadForge - WARNING - Could not emit WebSocket event: Object of type datetime is not JSON serializable
2025-12-02 09:47:34,693 - LeadForge - INFO - Service Provider collection complete. Collected 20 leads.
2025-12-02 09:47:34,693 - LeadForge - INFO - Scraping completed for Service Providers
2025-12-02 09:47:50,462 - LeadForge - INFO - Client disconnected: iM5AMTglTNqogP7HAAAD
2025-12-02 09:47:50,462 - LeadForge - INFO - Client iM5AMTglTNqogP7HAAAD left dashboard
2025-12-02 09:47:51,606 - LeadForge - INFO - Starting scraping for Service Providers
2025-12-02 09:47:51,606 - LeadForge - INFO - Starting Service Provider collection... Target: 20
2025-12-02 09:47:52,791 - LeadForge - INFO - Scored new lead: 49.00
2025-12-02 09:47:52,812 - LeadForge - INFO - Saved new lead: contact@locksmith0.co.za
2025-12-02 09:47:54,033 - LeadForge - INFO - Scored new lead: 49.00
2025-12-02 09:47:54,053 - LeadForge - INFO - Saved new lead: contact@electrician1.co.za
2025-12-02 09:47:55,542 - LeadForge - INFO - Lead already exists: contact@plumber2.co.za. Updating...
2025-12-02 09:47:56,725 - LeadForge - INFO - Scored new lead: 49.00
2025-12-02 09:47:56,747 - LeadForge - INFO - Saved new lead: contact@plumber3.co.za
2025-12-02 09:47:57,304 - LeadForge - INFO - Lead already exists: contact@mechanic4.co.za. Updating...
2025-12-02 09:47:58,488 - LeadForge - INFO - Scored new lead: 49.00
2025-12-02 09:47:58,503 - LeadForge - INFO - Saved new lead: contact@locksmith5.co.za
2025-12-02 09:47:59,594 - LeadForge - INFO - Lead already exists: contact@mechanic6.co.za. Updating...
2025-12-02 09:48:00,757 - LeadForge - INFO - Scored new lead: 49.00
2025-12-02 09:48:00,778 - LeadForge - INFO - Saved new lead: contact@plumber7.co.za
2025-12-02 09:48:01,467 - LeadForge - INFO - Scored new lead: 49.00
2025-12-02 09:48:01,481 - LeadForge - INFO - Saved new lead: contact@electrician8.co.za
2025-12-02 09:48:01,992 - LeadForge - INFO - Scored new lead: 49.00
2025-12-02 09:48:02,006 - LeadForge - INFO - Saved new lead: contact@electrician9.co.za
2025-12-02 09:48:03,505 - LeadForge - INFO - Scored new lead: 49.00
2025-12-02 09:48:03,526 - LeadForge - INFO - Saved new lead: contact@electrician10.co.za
2025-12-02 09:48:04,051 - LeadForge - INFO - Scored new lead: 49.00
2025-12-02 09:48:04,065 - LeadForge - INFO - Saved new lead: contact@locksmith11.co.za
2025-12-02 09:48:05,158 - LeadForge - INFO - Scored new lead: 49.00
2025-12-02 09:48:05,174 - LeadForge - INFO - Saved new lead: contact@locksmith12.co.za
2025-12-02 09:48:06,392 - LeadForge - INFO - Lead already exists: contact@electrician13.co.za. Updating...
2025-12-02 09:48:07,168 - LeadForge - INFO - Scored new lead: 49.00
2025-12-02 09:48:07,181 - LeadForge - INFO - Saved new lead: contact@plumber14.co.za
2025-12-02 09:48:08,174 - LeadForge - INFO - Lead already exists: contact@electrician15.co.za. Updating...
2025-12-02 09:48:09,581 - LeadForge - INFO - Scored new lead: 49.00
2025-12-02 09:48:09,663 - LeadForge - INFO - Saved new lead: contact@mechanic16.co.za
2025-12-02 09:48:10,683 - LeadForge - INFO - Scored new lead: 49.00
2025-12-02 09:48:10,697 - LeadForge - INFO - Saved new lead: contact@electrician17.co.za
2025-12-02 09:48:11,752 - LeadForge - INFO - Scored new lead: 49.00
2025-12-02 09:48:11,767 - LeadForge - INFO - Saved new lead: contact@mechanic18.co.za
2025-12-02 09:48:12,577 - LeadForge - INFO - Lead already exists: contact@electrician19.co.za. Updating...
2025-12-02 09:48:12,577 - LeadForge - INFO - Service Provider collection complete. Collected 14 leads.
2025-12-02 09:48:12,577 - LeadForge - INFO - Scraping completed for Service Providers
2025-12-02 09:48:26,743 - LeadForge - INFO - Client connected: 4JLj5W2oTpQAN5YlAAAF
2025-12-02 09:48:26,788 - LeadForge - INFO - Client 4JLj5W2oTpQAN5YlAAAF joined dashboard
2025-12-02 09:49:24,518 - LeadForge - INFO - Client 4JLj5W2oTpQAN5YlAAAF left dashboard
2025-12-02 09:49:24,519 - LeadForge - INFO - Client disconnected: 4JLj5W2oTpQAN5YlAAAF
2025-12-02 12:01:29,375 - LeadForge - INFO - Database initialized and default admin created
2025-12-02 12:01:29,391 - LeadForge - INFO - WebSocket server initialized
2025-12-02 12:01:29,391 - LeadForge - INFO - Flask application initialized with WebSocket support
2025-12-02 12:01:30,447 - LeadForge - INFO - Database initialized and default admin created
2025-12-02 12:01:30,465 - LeadForge - INFO - WebSocket server initialized
2025-12-02 12:01:30,465 - LeadForge - INFO - Flask application initialized with WebSocket support
2025-12-02 12:01:38,358 - LeadForge - INFO - Client connected: PaMZfRGtb-aVn7ipAAAB
2025-12-02 12:01:38,409 - LeadForge - INFO - Client PaMZfRGtb-aVn7ipAAAB joined dashboard
2025-12-02 12:02:42,025 - LeadForge - INFO - Client connected: ccO58p4bmd_QUjSdAAAD
2025-12-02 12:02:42,040 - LeadForge - INFO - Client ccO58p4bmd_QUjSdAAAD joined dashboard
2025-12-02 12:05:53,593 - LeadForge - INFO - Client disconnected: ccO58p4bmd_QUjSdAAAD
2025-12-02 12:05:53,594 - LeadForge - INFO - Client ccO58p4bmd_QUjSdAAAD left dashboard
2025-12-02 12:06:02,451 - LeadForge - INFO - Client connected: mX4dMyazbXa2PcZ4AAAF
2025-12-02 12:06:02,508 - LeadForge - INFO - Client mX4dMyazbXa2PcZ4AAAF joined dashboard
2025-12-02 12:06:25,937 - LeadForge - INFO - Database initialized and default admin created
2025-12-02 12:06:25,957 - LeadForge - INFO - WebSocket server initialized
2025-12-02 12:06:25,957 - LeadForge - INFO - Flask application initialized with WebSocket support
2025-12-02 12:06:27,466 - LeadForge - INFO - Database initialized and default admin created
2025-12-02 12:06:27,488 - LeadForge - INFO - WebSocket server initialized
2025-12-02 12:06:27,488 - LeadForge - INFO - Flask application initialized with WebSocket support
2025-12-02 12:06:27,696 - LeadForge - INFO - Client connected: HcYF2y2y1ABHHr90AAAB
2025-12-02 12:06:27,742 - LeadForge - INFO - Client HcYF2y2y1ABHHr90AAAB joined dashboard
2025-12-02 12:09:06,811 - LeadForge - INFO - Client connected: Lp9XwICeoq32Nuw8AAAD
2025-12-02 12:09:06,876 - LeadForge - INFO - Client Lp9XwICeoq32Nuw8AAAD joined dashboard
2025-12-02 12:13:05,700 - LeadForge - INFO - Database initialized and default admin created
2025-12-02 12:13:05,720 - LeadForge - INFO - WebSocket server initialized
2025-12-02 12:13:05,720 - LeadForge - INFO - Flask application initialized with WebSocket support
2025-12-02 12:13:06,878 - LeadForge - INFO - Database initialized and default admin created
2025-12-02 12:13:06,897 - LeadForge - INFO - WebSocket server initialized
2025-12-02 12:13:06,897 - LeadForge - INFO - Flask application initialized with WebSocket support
2025-12-02 12:13:40,368 - LeadForge - INFO - Client connected: 5oHbOTwzjwo4w5okAAAB
2025-12-02 12:13:40,422 - LeadForge - INFO - Client 5oHbOTwzjwo4w5okAAAB joined dashboard
2025-12-02 12:17:03,748 - LeadForge - INFO - Client connected: runDk4DxdduLHboAAAAD
2025-12-02 12:17:03,800 - LeadForge - INFO - Client runDk4DxdduLHboAAAAD joined dashboard
2025-12-02 12:17:06,734 - LeadForge - INFO - Client runDk4DxdduLHboAAAAD left dashboard
2025-12-02 12:17:06,737 - LeadForge - INFO - Client disconnected: runDk4DxdduLHboAAAAD
2025-12-02 12:17:48,601 - LeadForge - INFO - Client connected: oxXORx__wYu32xLUAAAF
2025-12-02 12:17:48,660 - LeadForge - INFO - Client oxXORx__wYu32xLUAAAF joined dashboard
2025-12-02 12:17:52,032 - LeadForge - INFO - Client disconnected: oxXORx__wYu32xLUAAAF
2025-12-02 12:17:52,032 - LeadForge - INFO - Client oxXORx__wYu32xLUAAAF left dashboard
2025-12-02 12:20:30,172 - LeadForge - INFO - Database initialized and default admin created
2025-12-02 12:20:30,190 - LeadForge - INFO - WebSocket server initialized
2025-12-02 12:20:30,190 - LeadForge - INFO - Flask application initialized with WebSocket support
2025-12-02 12:20:30,360 - LeadForge - INFO - Client connected: Mrq6qbzvqAlVx1h3AAAB
2025-12-02 12:20:30,410 - LeadForge - INFO - Client Mrq6qbzvqAlVx1h3AAAB joined dashboard
2025-12-02 12:20:52,819 - LeadForge - INFO - Client disconnected: Mrq6qbzvqAlVx1h3AAAB
2025-12-02 12:20:52,820 - LeadForge - INFO - Client Mrq6qbzvqAlVx1h3AAAB left dashboard
2025-12-02 12:21:42,538 - LeadForge - INFO - Client connected: zzEKZhqgPN6f7IhNAAAD
2025-12-02 12:21:42,603 - LeadForge - INFO - Client zzEKZhqgPN6f7IhNAAAD joined dashboard
